<?xml version="1.0" encoding="UTF-8"?>
<testsuite xmlns:xsi="http://www.w3.org/2001/XMLSchema-instance" xsi:noNamespaceSchemaLocation="https://maven.apache.org/surefire/maven-surefire-plugin/xsd/surefire-test-report.xsd" name="classroom.AppTest" time="0.114" tests="1" errors="0" skipped="0" failures="0">
  <properties>
    <property name="java.specification.version" value="22"/>
    <property name="sun.jnu.encoding" value="UTF-8"/>
    <property name="java.class.path" value="/Users/mac/javafxProject/system/target/test-classes:/Users/mac/javafxProject/system/target/classes:/Users/mac/.m2/repository/org/openjfx/javafx-controls/17/javafx-controls-17.jar:/Users/mac/.m2/repository/org/openjfx/javafx-controls/17/javafx-controls-17-mac.jar:/Users/mac/.m2/repository/org/openjfx/javafx-fxml/17/javafx-fxml-17.jar:/Users/mac/.m2/repository/org/openjfx/javafx-fxml/17/javafx-fxml-17-mac.jar:/Users/mac/.m2/repository/org/openjfx/javafx-base/17/javafx-base-17.jar:/Users/mac/.m2/repository/org/openjfx/javafx-base/17/javafx-base-17-mac.jar:/Users/mac/.m2/repository/org/openjfx/javafx-graphics/17/javafx-graphics-17.jar:/Users/mac/.m2/repository/org/openjfx/javafx-graphics/17/javafx-graphics-17-mac.jar:/Users/mac/.m2/repository/junit/junit/4.13.2/junit-4.13.2.jar:/Users/mac/.m2/repository/org/hamcrest/hamcrest-core/1.3/hamcrest-core-1.3.jar:/Users/mac/.m2/repository/com/mysql/mysql-connector-j/8.0.32/mysql-connector-j-8.0.32.jar:/Users/mac/.m2/repository/com/google/protobuf/protobuf-java/3.21.9/protobuf-java-3.21.9.jar:"/>
    <property name="java.vm.vendor" value="Oracle Corporation"/>
    <property name="sun.arch.data.model" value="64"/>
    <property name="java.vendor.url" value="https://java.oracle.com/"/>
    <property name="os.name" value="Mac OS X"/>
    <property name="java.vm.specification.version" value="22"/>
    <property name="sun.java.launcher" value="SUN_STANDARD"/>
    <property name="user.country" value="US"/>
    <property name="sun.boot.library.path" value="/Library/Java/JavaVirtualMachines/jdk-22.jdk/Contents/Home/lib"/>
    <property name="sun.java.command" value="/Users/mac/javafxProject/system/target/surefire/surefirebooter16457033653694105275.jar /Users/mac/javafxProject/system/target/surefire 2024-07-16T12-29-09_015-jvmRun1 surefire9929805098503302343tmp surefire_08137258957849612928tmp"/>
    <property name="http.nonProxyHosts" value="local|*.local|169.254/16|*.169.254/16"/>
    <property name="jdk.debug" value="release"/>
    <property name="surefire.test.class.path" value="/Users/mac/javafxProject/system/target/test-classes:/Users/mac/javafxProject/system/target/classes:/Users/mac/.m2/repository/org/openjfx/javafx-controls/17/javafx-controls-17.jar:/Users/mac/.m2/repository/org/openjfx/javafx-controls/17/javafx-controls-17-mac.jar:/Users/mac/.m2/repository/org/openjfx/javafx-fxml/17/javafx-fxml-17.jar:/Users/mac/.m2/repository/org/openjfx/javafx-fxml/17/javafx-fxml-17-mac.jar:/Users/mac/.m2/repository/org/openjfx/javafx-base/17/javafx-base-17.jar:/Users/mac/.m2/repository/org/openjfx/javafx-base/17/javafx-base-17-mac.jar:/Users/mac/.m2/repository/org/openjfx/javafx-graphics/17/javafx-graphics-17.jar:/Users/mac/.m2/repository/org/openjfx/javafx-graphics/17/javafx-graphics-17-mac.jar:/Users/mac/.m2/repository/junit/junit/4.13.2/junit-4.13.2.jar:/Users/mac/.m2/repository/org/hamcrest/hamcrest-core/1.3/hamcrest-core-1.3.jar:/Users/mac/.m2/repository/com/mysql/mysql-connector-j/8.0.32/mysql-connector-j-8.0.32.jar:/Users/mac/.m2/repository/com/google/protobuf/protobuf-java/3.21.9/protobuf-java-3.21.9.jar:"/>
    <property name="sun.cpu.endian" value="little"/>
    <property name="user.home" value="/Users/mac"/>
    <property name="user.language" value="en"/>
    <property name="java.specification.vendor" value="Oracle Corporation"/>
    <property name="java.version.date" value="2024-04-16"/>
    <property name="java.home" value="/Library/Java/JavaVirtualMachines/jdk-22.jdk/Contents/Home"/>
    <property name="file.separator" value="/"/>
    <property name="basedir" value="/Users/mac/javafxProject/system"/>
    <property name="java.vm.compressedOopsMode" value="Zero based"/>
    <property name="line.separator" value="&#10;"/>
    <property name="java.vm.specification.vendor" value="Oracle Corporation"/>
    <property name="java.specification.name" value="Java Platform API Specification"/>
    <property name="apple.awt.application.name" value="ForkedBooter"/>
    <property name="surefire.real.class.path" value="/Users/mac/javafxProject/system/target/surefire/surefirebooter16457033653694105275.jar"/>
    <property name="sun.management.compiler" value="HotSpot 64-Bit Tiered Compilers"/>
    <property name="ftp.nonProxyHosts" value="local|*.local|169.254/16|*.169.254/16"/>
    <property name="java.runtime.version" value="22.0.1+8-16"/>
    <property name="user.name" value="mac"/>
    <property name="stdout.encoding" value="UTF-8"/>
    <property name="path.separator" value=":"/>
    <property name="os.version" value="11.7.10"/>
    <property name="java.runtime.name" value="Java(TM) SE Runtime Environment"/>
    <property name="file.encoding" value="UTF-8"/>
    <property name="java.vm.name" value="Java HotSpot(TM) 64-Bit Server VM"/>
    <property name="localRepository" value="/Users/mac/.m2/repository"/>
    <property name="java.vendor.url.bug" value="https://bugreport.java.com/bugreport/"/>
    <property name="java.io.tmpdir" value="/var/folders/1c/lbww_9cx4dlb48jl_9ylk6000000gn/T/"/>
    <property name="java.version" value="22.0.1"/>
    <property name="user.dir" value="/Users/mac/javafxProject/system"/>
    <property name="os.arch" value="x86_64"/>
    <property name="java.vm.specification.name" value="Java Virtual Machine Specification"/>
    <property name="native.encoding" value="UTF-8"/>
    <property name="java.library.path" value="/Users/mac/Library/Java/Extensions:/Library/Java/Extensions:/Network/Library/Java/Extensions:/System/Library/Java/Extensions:/usr/lib/java:."/>
    <property name="java.vm.info" value="mixed mode, sharing"/>
    <property name="stderr.encoding" value="UTF-8"/>
    <property name="java.vendor" value="Oracle Corporation"/>
    <property name="java.vm.version" value="22.0.1+8-16"/>
    <property name="sun.io.unicode.encoding" value="UnicodeBig"/>
    <property name="socksNonProxyHosts" value="local|*.local|169.254/16|*.169.254/16"/>
    <property name="java.class.version" value="66.0"/>
  </properties>
  <testcase name="shouldAnswerWithTrue" classname="classroom.AppTest" time="0.007"/>
</testsuite>